<?xml version="1.0" encoding="UTF-8"?>
<testsuite xmlns:xsi="http://www.w3.org/2001/XMLSchema-instance" xsi:noNamespaceSchemaLocation="https://maven.apache.org/surefire/maven-surefire-plugin/xsd/surefire-test-report-3.0.xsd" version="3.0" name="runner.TestRunner" time="46.824" tests="7" errors="0" skipped="0" failures="0">
  <properties>
[...]
</properties>
  <testcase name="Check Login successful with valid credentials #1" classname="Test Login Functionalities" time="9.973">
    <system-out><![CDATA[
@Login_Test @positive_test
Scenario: Check Login successful with valid credentials   &amp#27;[90m# src/test/resources/Features/login.feature:8&amp#27;[0m
18:17:37.438 [main] &amp#27;[0mINFO  step_definitions.Hooks -Browser opens as expected&amp#27;[m
18:17:38.476 [main] &amp#27;[0mINFO  step_definitions.LoginSteps -user is on login page&amp#27;[m
  &amp#27;[32mGiven &amp#27;[0m&amp#27;[32muser is on login page&amp#27;[0m                             &amp#27;[90m# step_definitions.LoginSteps.NavigateToLoginPage()&amp#27;[0m
18:17:39.360 [main] &amp#27;[0mINFO  step_definitions.LoginSteps -user enters username and password&amp#27;[m
  &amp#27;[32mWhen &amp#27;[0m&amp#27;[32muser enters username "&amp#27;[0m&amp#27;[32m&amp#27;[1mEdward&amp#27;[0m&amp#27;[32m" and password "&amp#27;[0m&amp#27;[32m&amp#27;[1m12345&amp#27;[0m&amp#27;[32m"&amp#27;[0m &amp#27;[90m# step_definitions.LoginSteps.entersUserCredentials(java.lang.String,java.lang.String)&amp#27;[0m
18:17:39.571 [main] &amp#27;[0mINFO  step_definitions.LoginSteps -user click on login button&amp#27;[m
  &amp#27;[32mAnd &amp#27;[0m&amp#27;[32mclick on login button&amp#27;[0m                               &amp#27;[90m# step_definitions.LoginSteps.clickOnLoginButton()&amp#27;[0m
18:17:39.775 [main] &amp#27;[0mINFO  step_definitions.LoginSteps -user successfully login the home page&amp#27;[m
  &amp#27;[32mThen &amp#27;[0m&amp#27;[32muser is navigate on Homepage&amp#27;[0m                       &amp#27;[90m# step_definitions.LoginSteps.validateLoginIsSuccessful()&amp#27;[0m
18:17:39.907 [main] &amp#27;[0mINFO  step_definitions.Hooks -Browser close as expected&amp#27;[m
]]></system-out>
    <system-err><![CDATA[Dec 14, 2021 6:17:30 PM org.openqa.selenium.remote.tracing.opentelemetry.OpenTelemetryTracer createTracer
INFO: Using OpenTelemetry for tracing
SLF4J: Failed to load class "org.slf4j.impl.StaticLoggerBinder".
SLF4J: Defaulting to no-operation (NOP) logger implementation
SLF4J: See http://www.slf4j.org/codes.html#StaticLoggerBinder for further details.
Dec 14, 2021 6:17:37 PM org.openqa.selenium.remote.ProtocolHandshake createSession
INFO: Detected dialect: W3C
]]></system-err>
  </testcase>
  <testcase name="Check Login successful with valid credentials #2" classname="Test Login Functionalities" time="7.515">
    <system-out><![CDATA[
@Login_Test @dataDriven_test @positive_test
Scenario Outline: Check Login successful with valid credentials &amp#27;[90m# src/test/resources/Features/login.feature:21&amp#27;[0m
18:17:45.060 [main] &amp#27;[0mINFO  step_definitions.Hooks -Browser opens as expected&amp#27;[m
18:17:45.957 [main] &amp#27;[0mINFO  step_definitions.LoginSteps -user is on login page&amp#27;[m
  &amp#27;[32mGiven &amp#27;[0m&amp#27;[32muser is on login page&amp#27;[0m                                   &amp#27;[90m# step_definitions.LoginSteps.NavigateToLoginPage()&amp#27;[0m
18:17:46.822 [main] &amp#27;[0mINFO  step_definitions.LoginSteps -user enters username and password&amp#27;[m
  &amp#27;[32mWhen &amp#27;[0m&amp#27;[32muser enters username "&amp#27;[0m&amp#27;[32m&amp#27;[1mRifat&amp#27;[0m&amp#27;[32m" and password "&amp#27;[0m&amp#27;[32m&amp#27;[1m12345&amp#27;[0m&amp#27;[32m"&amp#27;[0m        &amp#27;[90m# step_definitions.LoginSteps.entersUserCredentials(java.lang.String,java.lang.String)&amp#27;[0m
18:17:47.075 [main] &amp#27;[0mINFO  step_definitions.LoginSteps -user click on login button&amp#27;[m
  &amp#27;[32mAnd &amp#27;[0m&amp#27;[32mclick on login button&amp#27;[0m                                     &amp#27;[90m# step_definitions.LoginSteps.clickOnLoginButton()&amp#27;[0m
18:17:47.265 [main] &amp#27;[0mINFO  step_definitions.LoginSteps -user successfully login the home page&amp#27;[m
  &amp#27;[32mThen &amp#27;[0m&amp#27;[32muser is navigate on Homepage&amp#27;[0m                             &amp#27;[90m# step_definitions.LoginSteps.validateLoginIsSuccessful()&amp#27;[0m
18:17:47.422 [main] &amp#27;[0mINFO  step_definitions.Hooks -Browser close as expected&amp#27;[m
]]></system-out>
    <system-err><![CDATA[Dec 14, 2021 6:17:45 PM org.openqa.selenium.remote.ProtocolHandshake createSession
INFO: Detected dialect: W3C
]]></system-err>
  </testcase>
  <testcase name="Check Login successful with valid credentials #3" classname="Test Login Functionalities" time="4.642">
    <system-out><![CDATA[
@Login_Test @dataDriven_test @positive_test
Scenario Outline: Check Login successful with valid credentials &amp#27;[90m# src/test/resources/Features/login.feature:22&amp#27;[0m
18:17:49.778 [main] &amp#27;[0mINFO  step_definitions.Hooks -Browser opens as expected&amp#27;[m
18:17:50.673 [main] &amp#27;[0mINFO  step_definitions.LoginSteps -user is on login page&amp#27;[m
  &amp#27;[32mGiven &amp#27;[0m&amp#27;[32muser is on login page&amp#27;[0m                                   &amp#27;[90m# step_definitions.LoginSteps.NavigateToLoginPage()&amp#27;[0m
18:17:51.519 [main] &amp#27;[0mINFO  step_definitions.LoginSteps -user enters username and password&amp#27;[m
  &amp#27;[32mWhen &amp#27;[0m&amp#27;[32muser enters username "&amp#27;[0m&amp#27;[32m&amp#27;[1mAshraf&amp#27;[0m&amp#27;[32m" and password "&amp#27;[0m&amp#27;[32m&amp#27;[1m12345&amp#27;[0m&amp#27;[32m"&amp#27;[0m       &amp#27;[90m# step_definitions.LoginSteps.entersUserCredentials(java.lang.String,java.lang.String)&amp#27;[0m
18:17:51.738 [main] &amp#27;[0mINFO  step_definitions.LoginSteps -user click on login button&amp#27;[m
  &amp#27;[32mAnd &amp#27;[0m&amp#27;[32mclick on login button&amp#27;[0m                                     &amp#27;[90m# step_definitions.LoginSteps.clickOnLoginButton()&amp#27;[0m
18:17:51.936 [main] &amp#27;[0mINFO  step_definitions.LoginSteps -user successfully login the home page&amp#27;[m
  &amp#27;[32mThen &amp#27;[0m&amp#27;[32muser is navigate on Homepage&amp#27;[0m                             &amp#27;[90m# step_definitions.LoginSteps.validateLoginIsSuccessful()&amp#27;[0m
18:17:52.064 [main] &amp#27;[0mINFO  step_definitions.Hooks -Browser close as expected&amp#27;[m
]]></system-out>
    <system-err><![CDATA[Dec 14, 2021 6:17:49 PM org.openqa.selenium.remote.ProtocolHandshake createSession
INFO: Detected dialect: W3C
]]></system-err>
  </testcase>
  <testcase name="Check Login successful with valid credentials #4" classname="Test Login Functionalities" time="5.633">
    <system-out><![CDATA[
@Login_Test @dataDriven_test @positive_test
Scenario Outline: Check Login successful with valid credentials &amp#27;[90m# src/test/resources/Features/login.feature:23&amp#27;[0m
18:17:54.307 [main] &amp#27;[0mINFO  step_definitions.Hooks -Browser opens as expected&amp#27;[m
18:17:56.399 [main] &amp#27;[0mINFO  step_definitions.LoginSteps -user is on login page&amp#27;[m
  &amp#27;[32mGiven &amp#27;[0m&amp#27;[32muser is on login page&amp#27;[0m                                   &amp#27;[90m# step_definitions.LoginSteps.NavigateToLoginPage()&amp#27;[0m
18:17:57.218 [main] &amp#27;[0mINFO  step_definitions.LoginSteps -user enters username and password&amp#27;[m
  &amp#27;[32mWhen &amp#27;[0m&amp#27;[32muser enters username "&amp#27;[0m&amp#27;[32m&amp#27;[1mJohn&amp#27;[0m&amp#27;[32m" and password "&amp#27;[0m&amp#27;[32m&amp#27;[1m12345&amp#27;[0m&amp#27;[32m"&amp#27;[0m         &amp#27;[90m# step_definitions.LoginSteps.entersUserCredentials(java.lang.String,java.lang.String)&amp#27;[0m
18:17:57.425 [main] &amp#27;[0mINFO  step_definitions.LoginSteps -user click on login button&amp#27;[m
  &amp#27;[32mAnd &amp#27;[0m&amp#27;[32mclick on login button&amp#27;[0m                                     &amp#27;[90m# step_definitions.LoginSteps.clickOnLoginButton()&amp#27;[0m
18:17:57.571 [main] &amp#27;[0mINFO  step_definitions.LoginSteps -user successfully login the home page&amp#27;[m
  &amp#27;[32mThen &amp#27;[0m&amp#27;[32muser is navigate on Homepage&amp#27;[0m                             &amp#27;[90m# step_definitions.LoginSteps.validateLoginIsSuccessful()&amp#27;[0m
18:17:57.697 [main] &amp#27;[0mINFO  step_definitions.Hooks -Browser close as expected&amp#27;[m
]]></system-out>
    <system-err><![CDATA[Dec 14, 2021 6:17:54 PM org.openqa.selenium.remote.ProtocolHandshake createSession
INFO: Detected dialect: W3C
]]></system-err>
  </testcase>
  <testcase name="Check Login successful using Data table" classname="Test Login Functionalities" time="3.639">
    <system-out><![CDATA[
@Login_Test @dataDriven_test @positive_test
Scenario: Check Login successful using Data table           &amp#27;[90m# src/test/resources/Features/login.feature:26&amp#27;[0m
18:17:59.275 [main] &amp#27;[0mINFO  step_definitions.Hooks -Browser opens as expected&amp#27;[m
18:18:00.036 [main] &amp#27;[0mINFO  step_definitions.LoginSteps -user is on login page&amp#27;[m
  &amp#27;[32mGiven &amp#27;[0m&amp#27;[32muser is on login page&amp#27;[0m                               &amp#27;[90m# step_definitions.LoginSteps.NavigateToLoginPage()&amp#27;[0m
18:18:00.864 [main] &amp#27;[0mINFO  step_definitions.LoginSteps -user enters username and password&amp#27;[m
18:18:01.072 [main] &amp#27;[0mINFO  step_definitions.LoginSteps -user click on login button&amp#27;[m
  &amp#27;[32mWhen &amp#27;[0m&amp#27;[32muser click on Login Button upon entering credentials&amp#27;[0m &amp#27;[90m# step_definitions.LoginSteps.userClickOnLoginButtonEnteringCredentials(io.cucumber.datatable.DataTable)&amp#27;[0m
    | username | password |
    | Rifat    | 12345    |
18:18:01.219 [main] &amp#27;[0mINFO  step_definitions.LoginSteps -user successfully login the home page&amp#27;[m
  &amp#27;[32mThen &amp#27;[0m&amp#27;[32muser is navigate on Homepage&amp#27;[0m                         &amp#27;[90m# step_definitions.LoginSteps.validateLoginIsSuccessful()&amp#27;[0m
18:18:01.336 [main] &amp#27;[0mINFO  step_definitions.Hooks -Browser close as expected&amp#27;[m
]]></system-out>
    <system-err><![CDATA[Dec 14, 2021 6:17:59 PM org.openqa.selenium.remote.ProtocolHandshake createSession
INFO: Detected dialect: W3C
]]></system-err>
  </testcase>
  <testcase name="Check Login fail with wrong credentials" classname="Test Login Functionalities" time="5.066">
    <system-out><![CDATA[
@Login_Test @negative_test
Scenario: Check Login fail with wrong credentials         &amp#27;[90m# src/test/resources/Features/login.feature:33&amp#27;[0m
18:18:04.193 [main] &amp#27;[0mINFO  step_definitions.Hooks -Browser opens as expected&amp#27;[m
18:18:05.001 [main] &amp#27;[0mINFO  step_definitions.LoginSteps -user is on login page&amp#27;[m
  &amp#27;[32mGiven &amp#27;[0m&amp#27;[32muser is on login page&amp#27;[0m                             &amp#27;[90m# step_definitions.LoginSteps.NavigateToLoginPage()&amp#27;[0m
18:18:05.938 [main] &amp#27;[0mINFO  step_definitions.LoginSteps -user enters username and password&amp#27;[m
  &amp#27;[32mWhen &amp#27;[0m&amp#27;[32muser enters username "&amp#27;[0m&amp#27;[32m&amp#27;[1mEdward&amp#27;[0m&amp#27;[32m" and password "&amp#27;[0m&amp#27;[32m&amp#27;[1m44444&amp#27;[0m&amp#27;[32m"&amp#27;[0m &amp#27;[90m# step_definitions.LoginSteps.entersUserCredentials(java.lang.String,java.lang.String)&amp#27;[0m
18:18:06.144 [main] &amp#27;[0mINFO  step_definitions.LoginSteps -user click on login button&amp#27;[m
  &amp#27;[32mAnd &amp#27;[0m&amp#27;[32mclick on login button&amp#27;[0m                               &amp#27;[90m# step_definitions.LoginSteps.clickOnLoginButton()&amp#27;[0m
18:18:06.272 [main] &amp#27;[0mINFO  step_definitions.LoginSteps -user cannot login with invalid credentials&amp#27;[m
  &amp#27;[32mThen &amp#27;[0m&amp#27;[32muser is fail to Login&amp#27;[0m                              &amp#27;[90m# step_definitions.LoginSteps.logInfailvalidation()&amp#27;[0m
18:18:06.402 [main] &amp#27;[0mINFO  step_definitions.Hooks -Browser close as expected&amp#27;[m
]]></system-out>
    <system-err><![CDATA[Dec 14, 2021 6:18:04 PM org.openqa.selenium.remote.ProtocolHandshake createSession
INFO: Detected dialect: W3C
]]></system-err>
  </testcase>
  <testcase name="Calculate Real Apr Rate" classname="Mortgage Calculator" time="10.032">
    <system-out><![CDATA[
@calculateApr
Scenario: Calculate Real Apr Rate                         &amp#27;[90m# src/test/resources/Features/mortgageCalculator.feature:4&amp#27;[0m
18:18:09.374 [main] &amp#27;[0mINFO  step_definitions.Hooks -Browser opens as expected&amp#27;[m
18:18:11.387 [main] &amp#27;[0mINFO  step_definitions.MortgageCalculatorSteps -Mortgage Calculator Home Page opens&amp#27;[m
  &amp#27;[32mGiven &amp#27;[0m&amp#27;[32muser is on Mortgage Calculator Home page&amp#27;[0m          &amp#27;[90m# step_definitions.MortgageCalculatorSteps.navigateToMortgageCalculatorHomePage()&amp#27;[0m
18:18:13.479 [main] &amp#27;[0mINFO  step_definitions.MortgageCalculatorSteps -Navigate to real apr page&amp#27;[m
  &amp#27;[32mAnd &amp#27;[0m&amp#27;[32muser is navigate to Real Apr Page&amp#27;[0m                   &amp#27;[90m# step_definitions.MortgageCalculatorSteps.navigateToRealAprPage()&amp#27;[0m
18:18:16.131 [main] &amp#27;[0mINFO  step_definitions.MortgageCalculatorSteps -click on calculate button upon entering the data&amp#27;[m
  &amp#27;[32mWhen &amp#27;[0m&amp#27;[32muser clicks on Login Button upon entering the data&amp#27;[0m &amp#27;[90m# step_definitions.MortgageCalculatorSteps.clickOnCalculateButtonUponEnteringData(io.cucumber.datatable.DataTable)&amp#27;[0m
    | HomePrice | DownPayment | InterestRate |
    | 200000    | 15000       | 3            |
18:18:16.318 [main] &amp#27;[0mINFO  step_definitions.MortgageCalculatorSteps -validate the actual real apr rate&amp#27;[m
  &amp#27;[32mThen &amp#27;[0m&amp#27;[32mthe Real Apr rate is "&amp#27;[0m&amp#27;[32m&amp#27;[1m3.130%&amp#27;[0m&amp#27;[32m"&amp#27;[0m                      &amp#27;[90m# step_definitions.MortgageCalculatorSteps.validatingTheRealAprRate(java.lang.String)&amp#27;[0m
18:18:16.434 [main] &amp#27;[0mINFO  step_definitions.Hooks -Browser close as expected&amp#27;[m
]]></system-out>
    <system-err><![CDATA[Dec 14, 2021 6:18:09 PM org.openqa.selenium.remote.ProtocolHandshake createSession
INFO: Detected dialect: W3C
]]></system-err>
  </testcase>
</testsuite>